0 info it worked if it ends with ok
1 verbose cli [ '/usr/local/Cellar/node/0.10.18/bin/node',
1 verbose cli   '/usr/local/bin/npm',
1 verbose cli   'install',
1 verbose cli   'Local',
1 verbose cli   'Npm',
1 verbose cli   'module',
1 verbose cli   'grunt-requirejs',
1 verbose cli   'not',
1 verbose cli   'found.',
1 verbose cli   'Is',
1 verbose cli   'it',
1 verbose cli   'installed?' ]
2 info using npm@1.3.8
3 info using node@v0.10.18
4 warn package.json auction@0.0.0 No description
5 warn package.json auction@0.0.0 No repository field.
6 warn package.json auction@0.0.0 No README data
7 verbose readDependencies using package.json deps
8 verbose cache add [ 'Local', null ]
9 verbose cache add name=undefined spec="Local" args=["Local",null]
10 verbose parsed url { protocol: null,
10 verbose parsed url   slashes: null,
10 verbose parsed url   auth: null,
10 verbose parsed url   host: null,
10 verbose parsed url   port: null,
10 verbose parsed url   hostname: null,
10 verbose parsed url   hash: null,
10 verbose parsed url   search: null,
10 verbose parsed url   query: null,
10 verbose parsed url   pathname: 'Local',
10 verbose parsed url   path: 'Local',
10 verbose parsed url   href: 'Local' }
11 verbose cache add [ 'Npm', null ]
12 verbose cache add name=undefined spec="Npm" args=["Npm",null]
13 verbose parsed url { protocol: null,
13 verbose parsed url   slashes: null,
13 verbose parsed url   auth: null,
13 verbose parsed url   host: null,
13 verbose parsed url   port: null,
13 verbose parsed url   hostname: null,
13 verbose parsed url   hash: null,
13 verbose parsed url   search: null,
13 verbose parsed url   query: null,
13 verbose parsed url   pathname: 'Npm',
13 verbose parsed url   path: 'Npm',
13 verbose parsed url   href: 'Npm' }
14 verbose cache add [ 'module', null ]
15 verbose cache add name=undefined spec="module" args=["module",null]
16 verbose parsed url { protocol: null,
16 verbose parsed url   slashes: null,
16 verbose parsed url   auth: null,
16 verbose parsed url   host: null,
16 verbose parsed url   port: null,
16 verbose parsed url   hostname: null,
16 verbose parsed url   hash: null,
16 verbose parsed url   search: null,
16 verbose parsed url   query: null,
16 verbose parsed url   pathname: 'module',
16 verbose parsed url   path: 'module',
16 verbose parsed url   href: 'module' }
17 verbose cache add [ 'grunt-requirejs', null ]
18 verbose cache add name=undefined spec="grunt-requirejs" args=["grunt-requirejs",null]
19 verbose parsed url { protocol: null,
19 verbose parsed url   slashes: null,
19 verbose parsed url   auth: null,
19 verbose parsed url   host: null,
19 verbose parsed url   port: null,
19 verbose parsed url   hostname: null,
19 verbose parsed url   hash: null,
19 verbose parsed url   search: null,
19 verbose parsed url   query: null,
19 verbose parsed url   pathname: 'grunt-requirejs',
19 verbose parsed url   path: 'grunt-requirejs',
19 verbose parsed url   href: 'grunt-requirejs' }
20 verbose cache add [ 'not', null ]
21 verbose cache add name=undefined spec="not" args=["not",null]
22 verbose parsed url { protocol: null,
22 verbose parsed url   slashes: null,
22 verbose parsed url   auth: null,
22 verbose parsed url   host: null,
22 verbose parsed url   port: null,
22 verbose parsed url   hostname: null,
22 verbose parsed url   hash: null,
22 verbose parsed url   search: null,
22 verbose parsed url   query: null,
22 verbose parsed url   pathname: 'not',
22 verbose parsed url   path: 'not',
22 verbose parsed url   href: 'not' }
23 verbose cache add [ 'found.', null ]
24 verbose cache add name=undefined spec="found." args=["found.",null]
25 verbose parsed url { protocol: null,
25 verbose parsed url   slashes: null,
25 verbose parsed url   auth: null,
25 verbose parsed url   host: null,
25 verbose parsed url   port: null,
25 verbose parsed url   hostname: null,
25 verbose parsed url   hash: null,
25 verbose parsed url   search: null,
25 verbose parsed url   query: null,
25 verbose parsed url   pathname: 'found.',
25 verbose parsed url   path: 'found.',
25 verbose parsed url   href: 'found.' }
26 verbose cache add [ 'Is', null ]
27 verbose cache add name=undefined spec="Is" args=["Is",null]
28 verbose parsed url { protocol: null,
28 verbose parsed url   slashes: null,
28 verbose parsed url   auth: null,
28 verbose parsed url   host: null,
28 verbose parsed url   port: null,
28 verbose parsed url   hostname: null,
28 verbose parsed url   hash: null,
28 verbose parsed url   search: null,
28 verbose parsed url   query: null,
28 verbose parsed url   pathname: 'Is',
28 verbose parsed url   path: 'Is',
28 verbose parsed url   href: 'Is' }
29 verbose cache add [ 'it', null ]
30 verbose cache add name=undefined spec="it" args=["it",null]
31 verbose parsed url { protocol: null,
31 verbose parsed url   slashes: null,
31 verbose parsed url   auth: null,
31 verbose parsed url   host: null,
31 verbose parsed url   port: null,
31 verbose parsed url   hostname: null,
31 verbose parsed url   hash: null,
31 verbose parsed url   search: null,
31 verbose parsed url   query: null,
31 verbose parsed url   pathname: 'it',
31 verbose parsed url   path: 'it',
31 verbose parsed url   href: 'it' }
32 verbose cache add [ 'installed?', null ]
33 verbose cache add name=undefined spec="installed?" args=["installed?",null]
34 verbose parsed url { protocol: null,
34 verbose parsed url   slashes: null,
34 verbose parsed url   auth: null,
34 verbose parsed url   host: null,
34 verbose parsed url   port: null,
34 verbose parsed url   hostname: null,
34 verbose parsed url   hash: null,
34 verbose parsed url   search: '?',
34 verbose parsed url   query: '',
34 verbose parsed url   pathname: 'installed',
34 verbose parsed url   path: 'installed?',
34 verbose parsed url   href: 'installed?' }
35 silly lockFile dc99d54d-Local Local
36 verbose lock Local /Users/karthik/.npm/dc99d54d-Local.lock
37 silly lockFile a6909692-Npm Npm
38 verbose lock Npm /Users/karthik/.npm/a6909692-Npm.lock
39 silly lockFile fbd34a2b-module module
40 verbose lock module /Users/karthik/.npm/fbd34a2b-module.lock
41 silly lockFile 74c16445-grunt-requirejs grunt-requirejs
42 verbose lock grunt-requirejs /Users/karthik/.npm/74c16445-grunt-requirejs.lock
43 silly lockFile 557f2555-not not
44 verbose lock not /Users/karthik/.npm/557f2555-not.lock
45 silly lockFile 5e3c11ef-found found.
46 verbose lock found. /Users/karthik/.npm/5e3c11ef-found.lock
47 silly lockFile 079bc3b6-Is Is
48 verbose lock Is /Users/karthik/.npm/079bc3b6-Is.lock
49 silly lockFile 6c5522ca-it it
50 verbose lock it /Users/karthik/.npm/6c5522ca-it.lock
51 silly lockFile fd558c3d-installed installed?
52 verbose lock installed? /Users/karthik/.npm/fd558c3d-installed.lock
53 silly lockFile dc99d54d-Local Local
54 silly lockFile dc99d54d-Local Local
55 silly lockFile fbd34a2b-module module
56 silly lockFile fbd34a2b-module module
57 silly lockFile 74c16445-grunt-requirejs grunt-requirejs
58 silly lockFile 74c16445-grunt-requirejs grunt-requirejs
59 silly lockFile a6909692-Npm Npm
60 silly lockFile a6909692-Npm Npm
61 silly lockFile 557f2555-not not
62 silly lockFile 557f2555-not not
63 silly lockFile 079bc3b6-Is Is
64 silly lockFile 079bc3b6-Is Is
65 verbose addNamed [ 'Local', '' ]
66 verbose addNamed [ null, '*' ]
67 silly lockFile 5e10f84b-Local Local@
68 verbose lock Local@ /Users/karthik/.npm/5e10f84b-Local.lock
69 verbose addNamed [ 'module', '' ]
70 verbose addNamed [ null, '*' ]
71 silly lockFile 1e930134-module module@
72 verbose lock module@ /Users/karthik/.npm/1e930134-module.lock
73 verbose addNamed [ 'grunt-requirejs', '' ]
74 verbose addNamed [ null, '*' ]
75 silly lockFile 84b4f598-grunt-requirejs grunt-requirejs@
76 verbose lock grunt-requirejs@ /Users/karthik/.npm/84b4f598-grunt-requirejs.lock
77 verbose addNamed [ 'Npm', '' ]
78 verbose addNamed [ null, '*' ]
79 silly lockFile 48ca5e38-Npm Npm@
80 verbose lock Npm@ /Users/karthik/.npm/48ca5e38-Npm.lock
81 verbose addNamed [ 'not', '' ]
82 verbose addNamed [ null, '*' ]
83 silly lockFile 3a64a431-not not@
84 verbose lock not@ /Users/karthik/.npm/3a64a431-not.lock
85 silly lockFile 5e3c11ef-found found.
86 silly lockFile 5e3c11ef-found found.
87 verbose addNamed [ 'Is', '' ]
88 verbose addNamed [ null, '*' ]
89 silly lockFile 1584a2ad-Is Is@
90 verbose lock Is@ /Users/karthik/.npm/1584a2ad-Is.lock
91 silly lockFile fd558c3d-installed installed?
92 silly lockFile fd558c3d-installed installed?
93 silly lockFile 6c5522ca-it it
94 silly lockFile 6c5522ca-it it
95 verbose addNamed [ 'found.', '' ]
96 verbose addNamed [ null, '*' ]
97 silly lockFile 5d143237-found found.@
98 verbose lock found.@ /Users/karthik/.npm/5d143237-found.lock
99 verbose addNamed [ 'installed?', '' ]
100 verbose addNamed [ null, '*' ]
101 silly lockFile bc8ef319-installed installed?@
102 verbose lock installed?@ /Users/karthik/.npm/bc8ef319-installed.lock
103 silly addNameRange { name: 'Local', range: '*', hasData: false }
104 silly addNameRange { name: 'module', range: '*', hasData: false }
105 verbose addNamed [ 'it', '' ]
106 verbose addNamed [ null, '*' ]
107 silly lockFile d3f615b7-it it@
108 verbose lock it@ /Users/karthik/.npm/d3f615b7-it.lock
109 silly addNameRange { name: 'grunt-requirejs', range: '*', hasData: false }
110 silly addNameRange { name: 'Npm', range: '*', hasData: false }
111 silly addNameRange { name: 'not', range: '*', hasData: false }
112 silly addNameRange { name: 'Is', range: '*', hasData: false }
113 verbose url raw Local
114 verbose url resolving [ 'https://registry.npmjs.org/', './Local' ]
115 verbose url resolved https://registry.npmjs.org/Local
116 info trying registry request attempt 1 at 18:23:22
117 http GET https://registry.npmjs.org/Local
118 verbose url raw module
119 verbose url resolving [ 'https://registry.npmjs.org/', './module' ]
120 verbose url resolved https://registry.npmjs.org/module
121 info trying registry request attempt 1 at 18:23:22
122 http GET https://registry.npmjs.org/module
123 verbose url raw Npm
124 verbose url resolving [ 'https://registry.npmjs.org/', './Npm' ]
125 verbose url resolved https://registry.npmjs.org/Npm
126 info trying registry request attempt 1 at 18:23:22
127 http GET https://registry.npmjs.org/Npm
128 verbose url raw not
129 verbose url resolving [ 'https://registry.npmjs.org/', './not' ]
130 verbose url resolved https://registry.npmjs.org/not
131 info trying registry request attempt 1 at 18:23:22
132 http GET https://registry.npmjs.org/not
133 verbose url raw Is
134 verbose url resolving [ 'https://registry.npmjs.org/', './Is' ]
135 verbose url resolved https://registry.npmjs.org/Is
136 info trying registry request attempt 1 at 18:23:22
137 http GET https://registry.npmjs.org/Is
138 silly addNameRange { name: 'found.', range: '*', hasData: false }
139 silly addNameRange { name: 'installed?', range: '*', hasData: false }
140 silly addNameRange { name: 'it', range: '*', hasData: false }
141 verbose url raw found.
142 verbose url resolving [ 'https://registry.npmjs.org/', './found.' ]
143 verbose url resolved https://registry.npmjs.org/found.
144 info trying registry request attempt 1 at 18:23:22
145 http GET https://registry.npmjs.org/found.
146 verbose url raw installed?
147 verbose url resolving [ 'https://registry.npmjs.org/', './installed' ]
148 verbose url resolved https://registry.npmjs.org/installed
149 info trying registry request attempt 1 at 18:23:22
150 http GET https://registry.npmjs.org/installed
151 verbose url raw it
152 verbose url resolving [ 'https://registry.npmjs.org/', './it' ]
153 verbose url resolved https://registry.npmjs.org/it
154 info trying registry request attempt 1 at 18:23:22
155 http GET https://registry.npmjs.org/it
156 verbose url raw grunt-requirejs
157 verbose url resolving [ 'https://registry.npmjs.org/', './grunt-requirejs' ]
158 verbose url resolved https://registry.npmjs.org/grunt-requirejs
159 info trying registry request attempt 1 at 18:23:22
160 verbose etag "3O02X2YOBEYBSZC8KL3KX9NOL"
161 http GET https://registry.npmjs.org/grunt-requirejs
162 http 404 https://registry.npmjs.org/Local
163 silly registry.get cb [ 404,
163 silly registry.get   { server: 'CouchDB/1.3.1 (Erlang OTP/R15B03)',
163 silly registry.get     date: 'Sun, 29 Sep 2013 23:23:19 GMT',
163 silly registry.get     'content-type': 'application/json',
163 silly registry.get     'content-length': '52',
163 silly registry.get     'cache-control': 'must-revalidate' } ]
164 silly lockFile 5e10f84b-Local Local@
165 silly lockFile 5e10f84b-Local Local@
166 error 404 'Local' is not in the npm registry.
166 error 404 You should bug the author to publish it
166 error 404
166 error 404 Note that you can also install from a
166 error 404 tarball, folder, or http url, or git url.
167 error System Darwin 12.5.0
168 error command "/usr/local/Cellar/node/0.10.18/bin/node" "/usr/local/bin/npm" "install" "Local" "Npm" "module" "grunt-requirejs" "not" "found." "Is" "it" "installed?"
169 error cwd /Users/karthik/Documents/App/auction
170 error node -v v0.10.18
171 error npm -v 1.3.8
172 error code E404
173 verbose exit [ 1, true ]
